<?xml version="1.0" encoding="UTF-8"?>
<!-- Generated by org.testng.reporters.JUnitXMLReporter -->
<testsuite ignored="0" hostname="DESKTOP-GJMFF2T" failures="0" tests="4" name="Parallel testing for TC" time="0.128" errors="0" timestamp="2023-03-25T21:22:47 IST">
  <testcase classname="com.Project.TestClasses.TestBseClass" name="@BeforeMethod setup" time="-1.679759566954E9">
    <failure type="org.testng.TestNGException" message="
Parameter &amp;apos;BrowserName&amp;apos; is required by BeforeMethod on method setup but has not been marked @Optional or defined
in E:\download software\eclipse workspace\automationBySelenium\ParallelTest.xml">
      <![CDATA[org.testng.TestNGException: 
Parameter 'BrowserName' is required by BeforeMethod on method setup but has not been marked @Optional or defined
in E:\download software\eclipse workspace\automationBySelenium\ParallelTest.xml
at java.base/java.util.concurrent.ThreadPoolExecutor.runWorker(ThreadPoolExecutor.java:1130)
at java.base/java.util.concurrent.ThreadPoolExecutor$Worker.run(ThreadPoolExecutor.java:630)
at java.base/java.lang.Thread.run(Thread.java:831)
... Removed 13 stack frames]]>
    </failure>
  </testcase> <!-- @BeforeMethod setup -->
  <testcase classname="com.Project.TestClasses.TestBseClass" name="@BeforeMethod setup" time="-1.679759566954E9">
    <failure type="org.testng.TestNGException" message="
Parameter &amp;apos;BrowserName&amp;apos; is required by BeforeMethod on method setup but has not been marked @Optional or defined
in E:\download software\eclipse workspace\automationBySelenium\ParallelTest.xml">
      <![CDATA[org.testng.TestNGException: 
Parameter 'BrowserName' is required by BeforeMethod on method setup but has not been marked @Optional or defined
in E:\download software\eclipse workspace\automationBySelenium\ParallelTest.xml
at java.base/java.util.concurrent.ThreadPoolExecutor.runWorker(ThreadPoolExecutor.java:1130)
at java.base/java.util.concurrent.ThreadPoolExecutor$Worker.run(ThreadPoolExecutor.java:630)
at java.base/java.lang.Thread.run(Thread.java:831)
... Removed 13 stack frames]]>
    </failure>
  </testcase> <!-- @BeforeMethod setup -->
  <testcase classname="com.Project.TestClasses.TestBseClass" name="@AfterMethod teardown" time="-1.679759567003E9">
    <skipped/>
  </testcase> <!-- @AfterMethod teardown -->
  <testcase classname="com.Project.TestClasses.TestBseClass" name="@AfterMethod teardown" time="-1.679759567005E9">
    <skipped/>
  </testcase> <!-- @AfterMethod teardown -->
  <testcase classname="com.Project.TestClasses.TestBseClass" name="@BeforeMethod setup" time="-1.679759567009E9">
    <failure type="org.testng.TestNGException" message="
Parameter &amp;apos;BrowserName&amp;apos; is required by BeforeMethod on method setup but has not been marked @Optional or defined
in E:\download software\eclipse workspace\automationBySelenium\ParallelTest.xml">
      <![CDATA[org.testng.TestNGException: 
Parameter 'BrowserName' is required by BeforeMethod on method setup but has not been marked @Optional or defined
in E:\download software\eclipse workspace\automationBySelenium\ParallelTest.xml
at java.base/java.util.concurrent.ThreadPoolExecutor.runWorker(ThreadPoolExecutor.java:1130)
at java.base/java.util.concurrent.ThreadPoolExecutor$Worker.run(ThreadPoolExecutor.java:630)
at java.base/java.lang.Thread.run(Thread.java:831)
... Removed 13 stack frames]]>
    </failure>
  </testcase> <!-- @BeforeMethod setup -->
  <testcase classname="com.Project.TestClasses.TestBseClass" name="@AfterMethod teardown" time="-1.67975956702E9">
    <skipped/>
  </testcase> <!-- @AfterMethod teardown -->
  <testcase classname="com.Project.TestClasses.TestBseClass" name="@BeforeMethod setup" time="-1.679759567023E9">
    <failure type="org.testng.TestNGException" message="
Parameter &amp;apos;BrowserName&amp;apos; is required by BeforeMethod on method setup but has not been marked @Optional or defined
in E:\download software\eclipse workspace\automationBySelenium\ParallelTest.xml">
      <![CDATA[org.testng.TestNGException: 
Parameter 'BrowserName' is required by BeforeMethod on method setup but has not been marked @Optional or defined
in E:\download software\eclipse workspace\automationBySelenium\ParallelTest.xml
at java.base/java.util.concurrent.ThreadPoolExecutor.runWorker(ThreadPoolExecutor.java:1130)
at java.base/java.util.concurrent.ThreadPoolExecutor$Worker.run(ThreadPoolExecutor.java:630)
at java.base/java.lang.Thread.run(Thread.java:831)
... Removed 13 stack frames]]>
    </failure>
  </testcase> <!-- @BeforeMethod setup -->
  <testcase classname="com.Project.TestClasses.TestBseClass" name="@AfterMethod teardown" time="-1.679759567033E9">
    <skipped/>
  </testcase> <!-- @AfterMethod teardown -->
  <testcase classname="com.Project.TestClasses.TC02VerifyLogoutFunctonaity$VerifyLogOutFunctionality" name="verifyLogout" time="0.0">
    <skipped/>
  </testcase> <!-- verifyLogout -->
  <testcase classname="com.Project.TestClasses.TC01VerifyLoginFunctionnality" name="verifyLogin" time="0.0">
    <skipped/>
  </testcase> <!-- verifyLogin -->
  <testcase classname="com.Project.TestClasses.TC03VerifyBagADD2CartFunctionality" name="verifyAddtoCart" time="0.0">
    <skipped/>
  </testcase> <!-- verifyAddtoCart -->
  <testcase classname="com.Project.TestClasses.TC04VerifyMultipleProductAdd2CartFunction" name="verifyMultipleProduct" time="0.0">
    <skipped/>
  </testcase> <!-- verifyMultipleProduct -->
</testsuite> <!-- Parallel testing for TC -->
