<?xml version="1.0" encoding="UTF-8"?>
<!-- Generated by org.testng.reporters.JUnitXMLReporter -->
<testsuite ignored="0" hostname="DESKTOP-GJMFF2T" failures="1" tests="4" name="Test" time="18.462" errors="0" timestamp="2022-08-06T19:02:36 IST">
  <testcase classname="com.Project.TestClasses.TC01VerifyLoginFunctionnality" name="verifyLogin" time="0.018"/>
  <testcase classname="com.Project.TestClasses.TC02VerifyLogoutFunctonaity$VerifyLogOutFunctionality" name="verifyLogout" time="0.723"/>
  <testcase classname="com.Project.TestClasses.TC03VerifyBagADD2CartFunctionality" name="verifyAddtoCart" time="0.117"/>
  <testcase classname="com.Project.TestClasses.TC04VerifyMultipleProductAdd2CartFunction" name="verifyMultipleProduct" time="0.175">
    <failure type="java.lang.AssertionError" message="expected [6] but found []">
      <![CDATA[java.lang.AssertionError: expected [6] but found []
at com.Project.TestClasses.TC04VerifyMultipleProductAdd2CartFunction.verifyMultipleProduct(TC04VerifyMultipleProductAdd2CartFunction.java:28)
at java.base/java.util.ArrayList.forEach(ArrayList.java:1511)
... Removed 33 stack frames]]>
    </failure>
  </testcase> <!-- verifyMultipleProduct -->
</testsuite> <!-- Test -->
