<?xml version="1.0" encoding="UTF-8"?>
<!-- Generated by org.testng.reporters.JUnitReportReporter -->
<testsuite hostname="DESKTOP-GJMFF2T" failures="0" tests="2" name="com.Project.TestClasses.TC04VerifyMultipleProductAdd2CartFunction" time="-1679759488.000" errors="1" timestamp="2023-03-25T21:22:47 IST" skipped="1">
  <testcase classname="com.Project.TestClasses.TC04VerifyMultipleProductAdd2CartFunction" name="setup" time="-1679759488.000">
    <error message="
Parameter &#039;BrowserName&#039; is required by BeforeMethod on method setup but has not been marked @Optional or defined
in E:\download software\eclipse workspace\automationBySelenium\ParallelTest.xml" type="org.testng.TestNGException">
      <![CDATA[org.testng.TestNGException: 
Parameter 'BrowserName' is required by BeforeMethod on method setup but has not been marked @Optional or defined
in E:\download software\eclipse workspace\automationBySelenium\ParallelTest.xml
at org.testng.internal.Parameters.createParams(Parameters.java:270)
at org.testng.internal.Parameters.createParametersForMethod(Parameters.java:358)
at org.testng.internal.Parameters.createParameters(Parameters.java:700)
at org.testng.internal.Parameters.createConfigurationParameters(Parameters.java:168)
at org.testng.internal.ConfigInvoker.invokeConfigurations(ConfigInvoker.java:302)
at org.testng.internal.TestInvoker.runConfigMethods(TestInvoker.java:700)
at org.testng.internal.TestInvoker.invokeMethod(TestInvoker.java:527)
at org.testng.internal.TestInvoker.invokeTestMethod(TestInvoker.java:173)
at org.testng.internal.MethodRunner.runInSequence(MethodRunner.java:46)
at org.testng.internal.TestInvoker$MethodInvocationAgent.invoke(TestInvoker.java:824)
at org.testng.internal.TestInvoker.invokeTestMethods(TestInvoker.java:146)
at org.testng.internal.TestMethodWorker.invokeTestMethods(TestMethodWorker.java:146)
at org.testng.internal.TestMethodWorker.run(TestMethodWorker.java:128)
at java.base/java.util.concurrent.ThreadPoolExecutor.runWorker(ThreadPoolExecutor.java:1130)
at java.base/java.util.concurrent.ThreadPoolExecutor$Worker.run(ThreadPoolExecutor.java:630)
at java.base/java.lang.Thread.run(Thread.java:831)
]]>
    </error>
  </testcase> <!-- setup -->
  <system-out/>
  <testcase classname="com.Project.TestClasses.TC04VerifyMultipleProductAdd2CartFunction" name="verifyMultipleProduct" time="0.000">
    <skipped/>
  </testcase> <!-- verifyMultipleProduct -->
  <system-out/>
</testsuite> <!-- com.Project.TestClasses.TC04VerifyMultipleProductAdd2CartFunction -->
