<?xml version="1.0" encoding="UTF-8"?>
<!-- Generated by org.testng.reporters.JUnitXMLReporter -->
<testsuite ignored="0" hostname="DESKTOP-GJMFF2T" failures="1" tests="2" name="LowPriorityTest" time="5.159" errors="0" timestamp="2022-08-07T12:41:19 IST">
  <testcase classname="com.Project.TestClasses.TC03VerifyBagADD2CartFunctionality" name="verifyAddtoCart" time="0.174"/>
  <testcase classname="com.Project.TestClasses.TC04VerifyMultipleProductAdd2CartFunction" name="verifyMultipleProduct" time="0.065">
    <failure type="java.lang.AssertionError" message="expected [6] but found []">
      <![CDATA[java.lang.AssertionError: expected [6] but found []
at com.Project.TestClasses.TC04VerifyMultipleProductAdd2CartFunction.verifyMultipleProduct(TC04VerifyMultipleProductAdd2CartFunction.java:28)
at java.base/java.util.concurrent.ThreadPoolExecutor.runWorker(ThreadPoolExecutor.java:1130)
at java.base/java.util.concurrent.ThreadPoolExecutor$Worker.run(ThreadPoolExecutor.java:630)
at java.base/java.lang.Thread.run(Thread.java:831)
... Removed 18 stack frames]]>
    </failure>
  </testcase> <!-- verifyMultipleProduct -->
</testsuite> <!-- LowPriorityTest -->
