<?xml version="1.0" encoding="UTF-8"?>
<!-- Generated by org.testng.reporters.JUnitXMLReporter -->
<testsuite ignored="0" hostname="DESKTOP-GJMFF2T" failures="0" tests="4" name="Parallel testing for TC(failed)" time="0.142" errors="0" timestamp="2022-08-07T14:23:46 IST">
  <testcase classname="com.Project.TestClasses.TestBseClass" name="@BeforeMethod setup" time="-1.659862426484E9">
    <failure type="org.testng.TestNGException" message="
Parameter &amp;apos;BrowserName&amp;apos; is required by BeforeMethod on method setup but has not been marked @Optional or defined
in E:\download software\eclipse workspace\automationBySelenium\test-output\testng-failed.xml">
      <![CDATA[org.testng.TestNGException: 
Parameter 'BrowserName' is required by BeforeMethod on method setup but has not been marked @Optional or defined
in E:\download software\eclipse workspace\automationBySelenium\test-output\testng-failed.xml
at java.base/java.util.concurrent.ThreadPoolExecutor.runWorker(ThreadPoolExecutor.java:1130)
at java.base/java.util.concurrent.ThreadPoolExecutor$Worker.run(ThreadPoolExecutor.java:630)
at java.base/java.lang.Thread.run(Thread.java:831)
... Removed 13 stack frames]]>
    </failure>
  </testcase> <!-- @BeforeMethod setup -->
  <testcase classname="com.Project.TestClasses.TestBseClass" name="@BeforeMethod setup" time="-1.659862426485E9">
    <failure type="org.testng.TestNGException" message="
Parameter &amp;apos;BrowserName&amp;apos; is required by BeforeMethod on method setup but has not been marked @Optional or defined
in E:\download software\eclipse workspace\automationBySelenium\test-output\testng-failed.xml">
      <![CDATA[org.testng.TestNGException: 
Parameter 'BrowserName' is required by BeforeMethod on method setup but has not been marked @Optional or defined
in E:\download software\eclipse workspace\automationBySelenium\test-output\testng-failed.xml
at java.base/java.util.concurrent.ThreadPoolExecutor.runWorker(ThreadPoolExecutor.java:1130)
at java.base/java.util.concurrent.ThreadPoolExecutor$Worker.run(ThreadPoolExecutor.java:630)
at java.base/java.lang.Thread.run(Thread.java:831)
... Removed 13 stack frames]]>
    </failure>
  </testcase> <!-- @BeforeMethod setup -->
  <testcase classname="com.Project.TestClasses.TestBseClass" name="@BeforeMethod setup" time="-1.659862426485E9">
    <failure type="org.testng.TestNGException" message="
Parameter &amp;apos;BrowserName&amp;apos; is required by BeforeMethod on method setup but has not been marked @Optional or defined
in E:\download software\eclipse workspace\automationBySelenium\test-output\testng-failed.xml">
      <![CDATA[org.testng.TestNGException: 
Parameter 'BrowserName' is required by BeforeMethod on method setup but has not been marked @Optional or defined
in E:\download software\eclipse workspace\automationBySelenium\test-output\testng-failed.xml
at java.base/java.util.concurrent.ThreadPoolExecutor.runWorker(ThreadPoolExecutor.java:1130)
at java.base/java.util.concurrent.ThreadPoolExecutor$Worker.run(ThreadPoolExecutor.java:630)
at java.base/java.lang.Thread.run(Thread.java:831)
... Removed 13 stack frames]]>
    </failure>
  </testcase> <!-- @BeforeMethod setup -->
  <testcase classname="com.Project.TestClasses.TestBseClass" name="@BeforeMethod setup" time="-1.659862426484E9">
    <failure type="org.testng.TestNGException" message="
Parameter &amp;apos;BrowserName&amp;apos; is required by BeforeMethod on method setup but has not been marked @Optional or defined
in E:\download software\eclipse workspace\automationBySelenium\test-output\testng-failed.xml">
      <![CDATA[org.testng.TestNGException: 
Parameter 'BrowserName' is required by BeforeMethod on method setup but has not been marked @Optional or defined
in E:\download software\eclipse workspace\automationBySelenium\test-output\testng-failed.xml
at java.base/java.util.concurrent.ThreadPoolExecutor.runWorker(ThreadPoolExecutor.java:1130)
at java.base/java.util.concurrent.ThreadPoolExecutor$Worker.run(ThreadPoolExecutor.java:630)
at java.base/java.lang.Thread.run(Thread.java:831)
... Removed 13 stack frames]]>
    </failure>
  </testcase> <!-- @BeforeMethod setup -->
  <testcase classname="com.Project.TestClasses.TestBseClass" name="@AfterMethod teardown" time="-1.659862426541E9">
    <skipped/>
  </testcase> <!-- @AfterMethod teardown -->
  <testcase classname="com.Project.TestClasses.TestBseClass" name="@AfterMethod teardown" time="-1.659862426536E9">
    <skipped/>
  </testcase> <!-- @AfterMethod teardown -->
  <testcase classname="com.Project.TestClasses.TestBseClass" name="@AfterMethod teardown" time="-1.65986242654E9">
    <skipped/>
  </testcase> <!-- @AfterMethod teardown -->
  <testcase classname="com.Project.TestClasses.TestBseClass" name="@AfterMethod teardown" time="-1.659862426562E9">
    <skipped/>
  </testcase> <!-- @AfterMethod teardown -->
  <testcase classname="com.Project.TestClasses.TC04VerifyMultipleProductAdd2CartFunction" name="verifyMultipleProduct" time="0.0">
    <skipped/>
  </testcase> <!-- verifyMultipleProduct -->
  <testcase classname="com.Project.TestClasses.TC02VerifyLogoutFunctonaity$VerifyLogOutFunctionality" name="verifyLogout" time="0.0">
    <skipped/>
  </testcase> <!-- verifyLogout -->
  <testcase classname="com.Project.TestClasses.TC01VerifyLoginFunctionnality" name="verifyLogin" time="0.0">
    <skipped/>
  </testcase> <!-- verifyLogin -->
  <testcase classname="com.Project.TestClasses.TC03VerifyBagADD2CartFunctionality" name="verifyAddtoCart" time="0.0">
    <skipped/>
  </testcase> <!-- verifyAddtoCart -->
</testsuite> <!-- Parallel testing for TC(failed) -->
